1620253102.448721 client started (33111): version 3.0a, socket /tmp//tmux-1000/default, protocol 8
1620253102.448779 on Linux 5.8.0-50-generic #56~20.04.1-Ubuntu SMP Mon Apr 12 21:46:35 UTC 2021; libevent 2.1.11-stable (poll)
1620253102.448815 socket is /tmp//tmux-1000/default
1620253102.448839 trying connect
1620253102.448970 add peer 0x5620a3319220: 6 ((nil))
1620253102.449119 sending message 100 to peer 0x5620a3319220 (4 bytes)
1620253102.449139 sending message 101 to peer 0x5620a3319220 (16 bytes)
1620253102.449150 sending message 102 to peer 0x5620a3319220 (11 bytes)
1620253102.449161 sending message 108 to peer 0x5620a3319220 (55 bytes)
1620253102.449172 sending message 104 to peer 0x5620a3319220 (0 bytes)
1620253102.449182 sending message 107 to peer 0x5620a3319220 (4 bytes)
1620253102.449191 sending message 105 to peer 0x5620a3319220 (16 bytes)
1620253102.449201 sending message 105 to peer 0x5620a3319220 (86 bytes)
1620253102.449212 sending message 105 to peer 0x5620a3319220 (19 bytes)
1620253102.449223 sending message 105 to peer 0x5620a3319220 (20 bytes)
1620253102.449233 sending message 105 to peer 0x5620a3319220 (45 bytes)
1620253102.449245 sending message 105 to peer 0x5620a3319220 (23 bytes)
1620253102.449255 sending message 105 to peer 0x5620a3319220 (44 bytes)
1620253102.449265 sending message 105 to peer 0x5620a3319220 (37 bytes)
1620253102.449274 sending message 105 to peer 0x5620a3319220 (32 bytes)
1620253102.449284 sending message 105 to peer 0x5620a3319220 (41 bytes)
1620253102.449294 sending message 105 to peer 0x5620a3319220 (51 bytes)
1620253102.449304 sending message 105 to peer 0x5620a3319220 (20 bytes)
1620253102.449314 sending message 105 to peer 0x5620a3319220 (23 bytes)
1620253102.449324 sending message 105 to peer 0x5620a3319220 (19 bytes)
1620253102.449333 sending message 105 to peer 0x5620a3319220 (28 bytes)
1620253102.449342 sending message 105 to peer 0x5620a3319220 (59 bytes)
1620253102.449351 sending message 105 to peer 0x5620a3319220 (27 bytes)
1620253102.449360 sending message 105 to peer 0x5620a3319220 (13 bytes)
1620253102.449370 sending message 105 to peer 0x5620a3319220 (21 bytes)
1620253102.449380 sending message 105 to peer 0x5620a3319220 (52 bytes)
1620253102.449390 sending message 105 to peer 0x5620a3319220 (41 bytes)
1620253102.449406 sending message 105 to peer 0x5620a3319220 (33 bytes)
1620253102.449416 sending message 105 to peer 0x5620a3319220 (13 bytes)
1620253102.449426 sending message 105 to peer 0x5620a3319220 (16 bytes)
1620253102.449435 sending message 105 to peer 0x5620a3319220 (14 bytes)
1620253102.449445 sending message 105 to peer 0x5620a3319220 (18 bytes)
1620253102.449455 sending message 105 to peer 0x5620a3319220 (17 bytes)
1620253102.449466 sending message 105 to peer 0x5620a3319220 (1506 bytes)
1620253102.449498 sending message 105 to peer 0x5620a3319220 (33 bytes)
1620253102.449510 sending message 105 to peer 0x5620a3319220 (17 bytes)
1620253102.449519 sending message 105 to peer 0x5620a3319220 (86 bytes)
1620253102.449529 sending message 105 to peer 0x5620a3319220 (47 bytes)
1620253102.449560 sending message 105 to peer 0x5620a3319220 (16 bytes)
1620253102.449580 sending message 105 to peer 0x5620a3319220 (24 bytes)
1620253102.449597 sending message 105 to peer 0x5620a3319220 (34 bytes)
1620253102.449613 sending message 105 to peer 0x5620a3319220 (23 bytes)
1620253102.449627 sending message 105 to peer 0x5620a3319220 (21 bytes)
1620253102.449642 sending message 105 to peer 0x5620a3319220 (32 bytes)
1620253102.449657 sending message 105 to peer 0x5620a3319220 (10 bytes)
1620253102.449673 sending message 105 to peer 0x5620a3319220 (13 bytes)
1620253102.449690 sending message 105 to peer 0x5620a3319220 (30 bytes)
1620253102.449707 sending message 105 to peer 0x5620a3319220 (11 bytes)
1620253102.449718 sending message 105 to peer 0x5620a3319220 (8 bytes)
1620253102.449729 sending message 105 to peer 0x5620a3319220 (18 bytes)
1620253102.449738 sending message 105 to peer 0x5620a3319220 (31 bytes)
1620253102.449748 sending message 105 to peer 0x5620a3319220 (23 bytes)
1620253102.449775 sending message 105 to peer 0x5620a3319220 (85 bytes)
1620253102.449787 sending message 105 to peer 0x5620a3319220 (134 bytes)
1620253102.449797 sending message 105 to peer 0x5620a3319220 (18 bytes)
1620253102.449808 sending message 105 to peer 0x5620a3319220 (54 bytes)
1620253102.449819 sending message 105 to peer 0x5620a3319220 (69 bytes)
1620253102.449830 sending message 105 to peer 0x5620a3319220 (16 bytes)
1620253102.449841 sending message 106 to peer 0x5620a3319220 (0 bytes)
1620253102.449851 sending message 200 to peer 0x5620a3319220 (4 bytes)
1620253102.449861 client loop enter
1620253102.450658 peer 0x5620a3319220 message 211
1620253102.450690 client_write: sessions should be nested with care, unset $TMUX to force\n
1620253102.450722 peer 0x5620a3319220 message 203
1620253102.450734 client loop exit
